2022-11-15 09:13:37.617  INFO 16816 --- [SpringApplicationShutdownHook] j.LocalContainerEntityManagerFactoryBean : Closing JPA EntityManagerFactory for persistence unit 'default'
2022-11-15 09:13:37.923  INFO 16816 --- [SpringApplicationShutdownHook] com.zaxxer.hikari.HikariDataSource       : HikariPool-1 - Shutdown initiated...
2022-11-15 09:13:37.982  INFO 16816 --- [SpringApplicationShutdownHook] com.zaxxer.hikari.HikariDataSource       : HikariPool-1 - Shutdown completed.
2022-11-15 09:13:54.153  INFO 17076 --- [restartedMain] com.student.ust.UstApplication           : Starting UstApplication using Java 1.8.0_241 on ustfsd62 with PID 17076 (C:\Users\ustjavafsdb217\Desktop\ust\target\classes started by ustjavafsdb217 in C:\Users\ustjavafsdb217\Desktop\ust)
2022-11-15 09:13:54.156 DEBUG 17076 --- [restartedMain] com.student.ust.UstApplication           : Running with Spring Boot v2.7.5, Spring v5.3.23
2022-11-15 09:13:54.157  INFO 17076 --- [restartedMain] com.student.ust.UstApplication           : No active profile set, falling back to 1 default profile: "default"
2022-11-15 09:13:54.334  INFO 17076 --- [restartedMain] .e.DevToolsPropertyDefaultsPostProcessor : Devtools property defaults active! Set 'spring.devtools.add-properties' to 'false' to disable
2022-11-15 09:13:54.334  INFO 17076 --- [restartedMain] .e.DevToolsPropertyDefaultsPostProcessor : For additional web related logging consider setting the 'logging.level.web' property to 'DEBUG'
2022-11-15 09:13:56.756  INFO 17076 --- [restartedMain] .s.d.r.c.RepositoryConfigurationDelegate : Bootstrapping Spring Data JPA repositories in DEFAULT mode.
2022-11-15 09:13:56.873  INFO 17076 --- [restartedMain] .s.d.r.c.RepositoryConfigurationDelegate : Finished Spring Data repository scanning in 96 ms. Found 2 JPA repository interfaces.
2022-11-15 09:13:58.150  INFO 17076 --- [restartedMain] o.s.b.w.embedded.tomcat.TomcatWebServer  : Tomcat initialized with port(s): 8080 (http)
2022-11-15 09:13:58.168  INFO 17076 --- [restartedMain] o.apache.catalina.core.StandardService   : Starting service [Tomcat]
2022-11-15 09:13:58.169  INFO 17076 --- [restartedMain] org.apache.catalina.core.StandardEngine  : Starting Servlet engine: [Apache Tomcat/9.0.68]
2022-11-15 09:13:58.384  INFO 17076 --- [restartedMain] o.a.c.c.C.[Tomcat].[localhost].[/]       : Initializing Spring embedded WebApplicationContext
2022-11-15 09:13:58.384  INFO 17076 --- [restartedMain] w.s.c.ServletWebServerApplicationContext : Root WebApplicationContext: initialization completed in 4049 ms
2022-11-15 09:13:58.865  INFO 17076 --- [restartedMain] o.hibernate.jpa.internal.util.LogHelper  : HHH000204: Processing PersistenceUnitInfo [name: default]
2022-11-15 09:13:59.003  INFO 17076 --- [restartedMain] org.hibernate.Version                    : HHH000412: Hibernate ORM core version 5.6.12.Final
2022-11-15 09:13:59.416  INFO 17076 --- [restartedMain] o.hibernate.annotations.common.Version   : HCANN000001: Hibernate Commons Annotations {5.1.2.Final}
2022-11-15 09:13:59.648  INFO 17076 --- [restartedMain] com.zaxxer.hikari.HikariDataSource       : HikariPool-1 - Starting...
2022-11-15 09:14:00.343  INFO 17076 --- [restartedMain] com.zaxxer.hikari.HikariDataSource       : HikariPool-1 - Start completed.
2022-11-15 09:14:00.382  INFO 17076 --- [restartedMain] org.hibernate.dialect.Dialect            : HHH000400: Using dialect: org.hibernate.dialect.MySQL5Dialect
2022-11-15 09:14:02.463  INFO 17076 --- [restartedMain] o.h.e.t.j.p.i.JtaPlatformInitiator       : HHH000490: Using JtaPlatform implementation: [org.hibernate.engine.transaction.jta.platform.internal.NoJtaPlatform]
2022-11-15 09:14:02.499  INFO 17076 --- [restartedMain] j.LocalContainerEntityManagerFactoryBean : Initialized JPA EntityManagerFactory for persistence unit 'default'
2022-11-15 09:14:04.160  WARN 17076 --- [restartedMain] JpaBaseConfiguration$JpaWebConfiguration : spring.jpa.open-in-view is enabled by default. Therefore, database queries may be performed during view rendering. Explicitly configure spring.jpa.open-in-view to disable this warning
2022-11-15 09:14:04.412  INFO 17076 --- [restartedMain] pertySourcedRequestMappingHandlerMapping : Mapped URL path [/v2/api-docs] onto method [springfox.documentation.swagger2.web.Swagger2Controller#getDocumentation(String, HttpServletRequest)]
2022-11-15 09:14:04.633  INFO 17076 --- [restartedMain] o.s.b.d.a.OptionalLiveReloadServer       : LiveReload server is running on port 35729
2022-11-15 09:14:06.251  INFO 17076 --- [restartedMain] o.s.b.w.embedded.tomcat.TomcatWebServer  : Tomcat started on port(s): 8080 (http) with context path ''
2022-11-15 09:14:06.252  INFO 17076 --- [restartedMain] d.s.w.p.DocumentationPluginsBootstrapper : Context refreshed
2022-11-15 09:14:06.287  INFO 17076 --- [restartedMain] d.s.w.p.DocumentationPluginsBootstrapper : Found 1 custom documentation plugin(s)
2022-11-15 09:14:06.349  INFO 17076 --- [restartedMain] s.d.s.w.s.ApiListingReferenceScanner     : Scanning for api listing references
2022-11-15 09:14:06.578  INFO 17076 --- [restartedMain] .d.s.w.r.o.CachingOperationNameGenerator : Generating unique operation named: addUsingPOST_1
2022-11-15 09:14:06.586  INFO 17076 --- [restartedMain] .d.s.w.r.o.CachingOperationNameGenerator : Generating unique operation named: deleteUsingDELETE_1
2022-11-15 09:14:06.591  INFO 17076 --- [restartedMain] .d.s.w.r.o.CachingOperationNameGenerator : Generating unique operation named: getUsingGET_1
2022-11-15 09:14:06.599  INFO 17076 --- [restartedMain] .d.s.w.r.o.CachingOperationNameGenerator : Generating unique operation named: get2UsingGET_1
2022-11-15 09:14:06.607  INFO 17076 --- [restartedMain] .d.s.w.r.o.CachingOperationNameGenerator : Generating unique operation named: updateUsingPUT_1
2022-11-15 09:14:06.651  INFO 17076 --- [restartedMain] com.student.ust.UstApplication           : Started UstApplication in 13.216 seconds (JVM running for 14.414)
2022-11-15 09:17:02.658  INFO 17076 --- [SpringApplicationShutdownHook] j.LocalContainerEntityManagerFactoryBean : Closing JPA EntityManagerFactory for persistence unit 'default'
2022-11-15 09:17:02.664  INFO 17076 --- [SpringApplicationShutdownHook] com.zaxxer.hikari.HikariDataSource       : HikariPool-1 - Shutdown initiated...
2022-11-15 09:17:02.687  INFO 17076 --- [SpringApplicationShutdownHook] com.zaxxer.hikari.HikariDataSource       : HikariPool-1 - Shutdown completed.
2022-11-15 09:17:11.419  INFO 16648 --- [restartedMain] com.student.ust.UstApplication           : Starting UstApplication using Java 1.8.0_241 on ustfsd62 with PID 16648 (C:\Users\ustjavafsdb217\Desktop\ust\target\classes started by ustjavafsdb217 in C:\Users\ustjavafsdb217\Desktop\ust)
2022-11-15 09:17:11.421 DEBUG 16648 --- [restartedMain] com.student.ust.UstApplication           : Running with Spring Boot v2.7.5, Spring v5.3.23
2022-11-15 09:17:11.422  INFO 16648 --- [restartedMain] com.student.ust.UstApplication           : No active profile set, falling back to 1 default profile: "default"
2022-11-15 09:17:11.491  INFO 16648 --- [restartedMain] .e.DevToolsPropertyDefaultsPostProcessor : Devtools property defaults active! Set 'spring.devtools.add-properties' to 'false' to disable
2022-11-15 09:17:11.493  INFO 16648 --- [restartedMain] .e.DevToolsPropertyDefaultsPostProcessor : For additional web related logging consider setting the 'logging.level.web' property to 'DEBUG'
2022-11-15 09:17:12.904  INFO 16648 --- [restartedMain] .s.d.r.c.RepositoryConfigurationDelegate : Bootstrapping Spring Data JPA repositories in DEFAULT mode.
2022-11-15 09:17:12.998  INFO 16648 --- [restartedMain] .s.d.r.c.RepositoryConfigurationDelegate : Finished Spring Data repository scanning in 80 ms. Found 2 JPA repository interfaces.
2022-11-15 09:17:14.119  INFO 16648 --- [restartedMain] o.s.b.w.embedded.tomcat.TomcatWebServer  : Tomcat initialized with port(s): 8080 (http)
2022-11-15 09:17:14.136  INFO 16648 --- [restartedMain] o.apache.catalina.core.StandardService   : Starting service [Tomcat]
2022-11-15 09:17:14.136  INFO 16648 --- [restartedMain] org.apache.catalina.core.StandardEngine  : Starting Servlet engine: [Apache Tomcat/9.0.68]
2022-11-15 09:17:14.320  INFO 16648 --- [restartedMain] o.a.c.c.C.[Tomcat].[localhost].[/]       : Initializing Spring embedded WebApplicationContext
2022-11-15 09:17:14.320  INFO 16648 --- [restartedMain] w.s.c.ServletWebServerApplicationContext : Root WebApplicationContext: initialization completed in 2827 ms
2022-11-15 09:17:14.708  INFO 16648 --- [restartedMain] o.hibernate.jpa.internal.util.LogHelper  : HHH000204: Processing PersistenceUnitInfo [name: default]
2022-11-15 09:17:14.805  INFO 16648 --- [restartedMain] org.hibernate.Version                    : HHH000412: Hibernate ORM core version 5.6.12.Final
2022-11-15 09:17:15.055  INFO 16648 --- [restartedMain] o.hibernate.annotations.common.Version   : HCANN000001: Hibernate Commons Annotations {5.1.2.Final}
2022-11-15 09:17:15.223  INFO 16648 --- [restartedMain] com.zaxxer.hikari.HikariDataSource       : HikariPool-1 - Starting...
2022-11-15 09:17:15.853  INFO 16648 --- [restartedMain] com.zaxxer.hikari.HikariDataSource       : HikariPool-1 - Start completed.
2022-11-15 09:17:15.883  INFO 16648 --- [restartedMain] org.hibernate.dialect.Dialect            : HHH000400: Using dialect: org.hibernate.dialect.MySQL5Dialect
2022-11-15 09:17:17.136  INFO 16648 --- [restartedMain] o.h.e.t.j.p.i.JtaPlatformInitiator       : HHH000490: Using JtaPlatform implementation: [org.hibernate.engine.transaction.jta.platform.internal.NoJtaPlatform]
2022-11-15 09:17:17.151  INFO 16648 --- [restartedMain] j.LocalContainerEntityManagerFactoryBean : Initialized JPA EntityManagerFactory for persistence unit 'default'
2022-11-15 09:17:18.414  WARN 16648 --- [restartedMain] JpaBaseConfiguration$JpaWebConfiguration : spring.jpa.open-in-view is enabled by default. Therefore, database queries may be performed during view rendering. Explicitly configure spring.jpa.open-in-view to disable this warning
2022-11-15 09:17:18.624  INFO 16648 --- [restartedMain] pertySourcedRequestMappingHandlerMapping : Mapped URL path [/v2/api-docs] onto method [springfox.documentation.swagger2.web.Swagger2Controller#getDocumentation(String, HttpServletRequest)]
2022-11-15 09:17:18.802  INFO 16648 --- [restartedMain] o.s.b.d.a.OptionalLiveReloadServer       : LiveReload server is running on port 35729
2022-11-15 09:17:21.089  INFO 16648 --- [restartedMain] o.s.b.w.embedded.tomcat.TomcatWebServer  : Tomcat started on port(s): 8080 (http) with context path ''
2022-11-15 09:17:21.091  INFO 16648 --- [restartedMain] d.s.w.p.DocumentationPluginsBootstrapper : Context refreshed
2022-11-15 09:17:21.135  INFO 16648 --- [restartedMain] d.s.w.p.DocumentationPluginsBootstrapper : Found 1 custom documentation plugin(s)
2022-11-15 09:17:21.187  INFO 16648 --- [restartedMain] s.d.s.w.s.ApiListingReferenceScanner     : Scanning for api listing references
2022-11-15 09:17:21.379  INFO 16648 --- [restartedMain] .d.s.w.r.o.CachingOperationNameGenerator : Generating unique operation named: addUsingPOST_1
2022-11-15 09:17:21.384  INFO 16648 --- [restartedMain] .d.s.w.r.o.CachingOperationNameGenerator : Generating unique operation named: deleteUsingDELETE_1
2022-11-15 09:17:21.391  INFO 16648 --- [restartedMain] .d.s.w.r.o.CachingOperationNameGenerator : Generating unique operation named: getUsingGET_1
2022-11-15 09:17:21.396  INFO 16648 --- [restartedMain] .d.s.w.r.o.CachingOperationNameGenerator : Generating unique operation named: get2UsingGET_1
2022-11-15 09:17:21.399  INFO 16648 --- [restartedMain] .d.s.w.r.o.CachingOperationNameGenerator : Generating unique operation named: updateUsingPUT_1
2022-11-15 09:17:21.426  INFO 16648 --- [restartedMain] com.student.ust.UstApplication           : Started UstApplication in 10.598 seconds (JVM running for 11.507)
2022-11-15 09:17:56.256  INFO 16648 --- [http-nio-8080-exec-1] o.a.c.c.C.[Tomcat].[localhost].[/]       : Initializing Spring DispatcherServlet 'dispatcherServlet'
2022-11-15 09:17:56.257  INFO 16648 --- [http-nio-8080-exec-1] o.s.web.servlet.DispatcherServlet        : Initializing Servlet 'dispatcherServlet'
2022-11-15 09:17:56.261  INFO 16648 --- [http-nio-8080-exec-1] o.s.web.servlet.DispatcherServlet        : Completed initialization in 4 ms
2022-11-15 09:18:13.894  WARN 16648 --- [http-nio-8080-exec-3] .w.s.m.s.DefaultHandlerExceptionResolver : Resolved [org.springframework.web.HttpRequestMethodNotSupportedException: Request method 'POST' not supported]
2022-11-15 09:18:29.472  WARN 16648 --- [http-nio-8080-exec-4] .w.s.m.s.DefaultHandlerExceptionResolver : Resolved [org.springframework.web.HttpRequestMethodNotSupportedException: Request method 'POST' not supported]
2022-11-15 09:18:37.181  WARN 16648 --- [http-nio-8080-exec-5] .w.s.m.s.DefaultHandlerExceptionResolver : Resolved [org.springframework.web.HttpRequestMethodNotSupportedException: Request method 'GET' not supported]
2022-11-15 11:17:45.597  INFO 16648 --- [SpringApplicationShutdownHook] j.LocalContainerEntityManagerFactoryBean : Closing JPA EntityManagerFactory for persistence unit 'default'
2022-11-15 11:17:45.708  INFO 16648 --- [SpringApplicationShutdownHook] com.zaxxer.hikari.HikariDataSource       : HikariPool-1 - Shutdown initiated...
2022-11-15 11:17:45.729  INFO 16648 --- [SpringApplicationShutdownHook] com.zaxxer.hikari.HikariDataSource       : HikariPool-1 - Shutdown completed.
2022-11-15 11:17:58.511  INFO 19768 --- [restartedMain] com.student.ust.UstApplication           : Starting UstApplication using Java 1.8.0_241 on ustfsd62 with PID 19768 (C:\Users\ustjavafsdb217\Desktop\ust\target\classes started by ustjavafsdb217 in C:\Users\ustjavafsdb217\Desktop\ust)
2022-11-15 11:17:58.512 DEBUG 19768 --- [restartedMain] com.student.ust.UstApplication           : Running with Spring Boot v2.7.5, Spring v5.3.23
2022-11-15 11:17:58.513  INFO 19768 --- [restartedMain] com.student.ust.UstApplication           : No active profile set, falling back to 1 default profile: "default"
2022-11-15 11:17:58.610  INFO 19768 --- [restartedMain] .e.DevToolsPropertyDefaultsPostProcessor : Devtools property defaults active! Set 'spring.devtools.add-properties' to 'false' to disable
2022-11-15 11:17:58.610  INFO 19768 --- [restartedMain] .e.DevToolsPropertyDefaultsPostProcessor : For additional web related logging consider setting the 'logging.level.web' property to 'DEBUG'
2022-11-15 11:18:00.336  INFO 19768 --- [restartedMain] .s.d.r.c.RepositoryConfigurationDelegate : Bootstrapping Spring Data JPA repositories in DEFAULT mode.
2022-11-15 11:18:00.466  INFO 19768 --- [restartedMain] .s.d.r.c.RepositoryConfigurationDelegate : Finished Spring Data repository scanning in 107 ms. Found 2 JPA repository interfaces.
2022-11-15 11:18:01.867  INFO 19768 --- [restartedMain] o.s.b.w.embedded.tomcat.TomcatWebServer  : Tomcat initialized with port(s): 8080 (http)
2022-11-15 11:18:01.885  INFO 19768 --- [restartedMain] o.apache.catalina.core.StandardService   : Starting service [Tomcat]
2022-11-15 11:18:01.886  INFO 19768 --- [restartedMain] org.apache.catalina.core.StandardEngine  : Starting Servlet engine: [Apache Tomcat/9.0.68]
2022-11-15 11:18:02.144  INFO 19768 --- [restartedMain] o.a.c.c.C.[Tomcat].[localhost].[/]       : Initializing Spring embedded WebApplicationContext
2022-11-15 11:18:02.145  INFO 19768 --- [restartedMain] w.s.c.ServletWebServerApplicationContext : Root WebApplicationContext: initialization completed in 3534 ms
2022-11-15 11:18:02.664  INFO 19768 --- [restartedMain] o.hibernate.jpa.internal.util.LogHelper  : HHH000204: Processing PersistenceUnitInfo [name: default]
2022-11-15 11:18:02.815  INFO 19768 --- [restartedMain] org.hibernate.Version                    : HHH000412: Hibernate ORM core version 5.6.12.Final
2022-11-15 11:18:03.183  INFO 19768 --- [restartedMain] o.hibernate.annotations.common.Version   : HCANN000001: Hibernate Commons Annotations {5.1.2.Final}
2022-11-15 11:18:03.418  INFO 19768 --- [restartedMain] com.zaxxer.hikari.HikariDataSource       : HikariPool-1 - Starting...
2022-11-15 11:18:04.248  INFO 19768 --- [restartedMain] com.zaxxer.hikari.HikariDataSource       : HikariPool-1 - Start completed.
2022-11-15 11:18:04.291  INFO 19768 --- [restartedMain] org.hibernate.dialect.Dialect            : HHH000400: Using dialect: org.hibernate.dialect.MySQL5Dialect
2022-11-15 11:18:06.343  INFO 19768 --- [restartedMain] o.h.e.t.j.p.i.JtaPlatformInitiator       : HHH000490: Using JtaPlatform implementation: [org.hibernate.engine.transaction.jta.platform.internal.NoJtaPlatform]
2022-11-15 11:18:06.367  INFO 19768 --- [restartedMain] j.LocalContainerEntityManagerFactoryBean : Initialized JPA EntityManagerFactory for persistence unit 'default'
2022-11-15 11:18:07.789  WARN 19768 --- [restartedMain] JpaBaseConfiguration$JpaWebConfiguration : spring.jpa.open-in-view is enabled by default. Therefore, database queries may be performed during view rendering. Explicitly configure spring.jpa.open-in-view to disable this warning
2022-11-15 11:18:08.029  INFO 19768 --- [restartedMain] pertySourcedRequestMappingHandlerMapping : Mapped URL path [/v2/api-docs] onto method [springfox.documentation.swagger2.web.Swagger2Controller#getDocumentation(String, HttpServletRequest)]
2022-11-15 11:18:08.223  INFO 19768 --- [restartedMain] o.s.b.d.a.OptionalLiveReloadServer       : LiveReload server is running on port 35729
2022-11-15 11:18:09.679  INFO 19768 --- [restartedMain] o.s.b.w.embedded.tomcat.TomcatWebServer  : Tomcat started on port(s): 8080 (http) with context path ''
2022-11-15 11:18:09.681  INFO 19768 --- [restartedMain] d.s.w.p.DocumentationPluginsBootstrapper : Context refreshed
2022-11-15 11:18:09.716  INFO 19768 --- [restartedMain] d.s.w.p.DocumentationPluginsBootstrapper : Found 1 custom documentation plugin(s)
2022-11-15 11:18:09.793  INFO 19768 --- [restartedMain] s.d.s.w.s.ApiListingReferenceScanner     : Scanning for api listing references
2022-11-15 11:18:09.999  INFO 19768 --- [restartedMain] .d.s.w.r.o.CachingOperationNameGenerator : Generating unique operation named: addUsingPOST_1
2022-11-15 11:18:10.003  INFO 19768 --- [restartedMain] .d.s.w.r.o.CachingOperationNameGenerator : Generating unique operation named: deleteUsingDELETE_1
2022-11-15 11:18:10.011  INFO 19768 --- [restartedMain] .d.s.w.r.o.CachingOperationNameGenerator : Generating unique operation named: getUsingGET_1
2022-11-15 11:18:10.015  INFO 19768 --- [restartedMain] .d.s.w.r.o.CachingOperationNameGenerator : Generating unique operation named: get2UsingGET_1
2022-11-15 11:18:10.018  INFO 19768 --- [restartedMain] .d.s.w.r.o.CachingOperationNameGenerator : Generating unique operation named: updateUsingPUT_1
2022-11-15 11:18:10.044  INFO 19768 --- [restartedMain] com.student.ust.UstApplication           : Started UstApplication in 12.263 seconds (JVM running for 13.387)
2022-11-15 11:18:50.360  INFO 19768 --- [http-nio-8080-exec-2] o.a.c.c.C.[Tomcat].[localhost].[/]       : Initializing Spring DispatcherServlet 'dispatcherServlet'
2022-11-15 11:18:50.361  INFO 19768 --- [http-nio-8080-exec-2] o.s.web.servlet.DispatcherServlet        : Initializing Servlet 'dispatcherServlet'
2022-11-15 11:18:50.362  INFO 19768 --- [http-nio-8080-exec-2] o.s.web.servlet.DispatcherServlet        : Completed initialization in 1 ms
2022-11-15 11:19:42.254  WARN 19768 --- [http-nio-8080-exec-4] .w.s.m.s.DefaultHandlerExceptionResolver : Resolved [org.springframework.web.HttpRequestMethodNotSupportedException: Request method 'POST' not supported]
2022-11-15 11:19:56.754  WARN 19768 --- [http-nio-8080-exec-6] .w.s.m.s.DefaultHandlerExceptionResolver : Resolved [org.springframework.web.HttpRequestMethodNotSupportedException: Request method 'POST' not supported]
2022-11-15 11:20:08.146 ERROR 19768 --- [http-nio-8080-exec-7] o.a.c.c.C.[.[.[/].[dispatcherServlet]    : Servlet.service() for servlet [dispatcherServlet] in context with path [] threw exception [Request processing failed; nested exception is java.lang.NullPointerException] with root cause

java.lang.NullPointerException: null
	at java.util.regex.Matcher.getTextLength(Matcher.java:1283) ~[na:1.8.0_241]
	at java.util.regex.Matcher.reset(Matcher.java:309) ~[na:1.8.0_241]
	at java.util.regex.Matcher.<init>(Matcher.java:229) ~[na:1.8.0_241]
	at java.util.regex.Pattern.matcher(Pattern.java:1093) ~[na:1.8.0_241]
	at com.student.ust.service.StudentService.saveStudent(StudentService.java:46) ~[classes/:na]
	at com.student.ust.controller.StudentController.add(StudentController.java:54) ~[classes/:na]
	at sun.reflect.NativeMethodAccessorImpl.invoke0(Native Method) ~[na:1.8.0_241]
	at sun.reflect.NativeMethodAccessorImpl.invoke(NativeMethodAccessorImpl.java:62) ~[na:1.8.0_241]
	at sun.reflect.DelegatingMethodAccessorImpl.invoke(DelegatingMethodAccessorImpl.java:43) ~[na:1.8.0_241]
	at java.lang.reflect.Method.invoke(Method.java:498) ~[na:1.8.0_241]
	at org.springframework.web.method.support.InvocableHandlerMethod.doInvoke(InvocableHandlerMethod.java:205) ~[spring-web-5.3.23.jar:5.3.23]
	at org.springframework.web.method.support.InvocableHandlerMethod.invokeForRequest(InvocableHandlerMethod.java:150) ~[spring-web-5.3.23.jar:5.3.23]
	at org.springframework.web.servlet.mvc.method.annotation.ServletInvocableHandlerMethod.invokeAndHandle(ServletInvocableHandlerMethod.java:117) ~[spring-webmvc-5.3.23.jar:5.3.23]
	at org.springframework.web.servlet.mvc.method.annotation.RequestMappingHandlerAdapter.invokeHandlerMethod(RequestMappingHandlerAdapter.java:895) ~[spring-webmvc-5.3.23.jar:5.3.23]
	at org.springframework.web.servlet.mvc.method.annotation.RequestMappingHandlerAdapter.handleInternal(RequestMappingHandlerAdapter.java:808) ~[spring-webmvc-5.3.23.jar:5.3.23]
	at org.springframework.web.servlet.mvc.method.AbstractHandlerMethodAdapter.handle(AbstractHandlerMethodAdapter.java:87) ~[spring-webmvc-5.3.23.jar:5.3.23]
	at org.springframework.web.servlet.DispatcherServlet.doDispatch(DispatcherServlet.java:1071) ~[spring-webmvc-5.3.23.jar:5.3.23]
	at org.springframework.web.servlet.DispatcherServlet.doService(DispatcherServlet.java:964) ~[spring-webmvc-5.3.23.jar:5.3.23]
	at org.springframework.web.servlet.FrameworkServlet.processRequest(FrameworkServlet.java:1006) ~[spring-webmvc-5.3.23.jar:5.3.23]
	at org.springframework.web.servlet.FrameworkServlet.doPost(FrameworkServlet.java:909) ~[spring-webmvc-5.3.23.jar:5.3.23]
	at javax.servlet.http.HttpServlet.service(HttpServlet.java:696) ~[tomcat-embed-core-9.0.68.jar:4.0.FR]
	at org.springframework.web.servlet.FrameworkServlet.service(FrameworkServlet.java:883) ~[spring-webmvc-5.3.23.jar:5.3.23]
	at javax.servlet.http.HttpServlet.service(HttpServlet.java:779) ~[tomcat-embed-core-9.0.68.jar:4.0.FR]
	at org.apache.catalina.core.ApplicationFilterChain.internalDoFilter(ApplicationFilterChain.java:227) ~[tomcat-embed-core-9.0.68.jar:9.0.68]
	at org.apache.catalina.core.ApplicationFilterChain.doFilter(ApplicationFilterChain.java:162) ~[tomcat-embed-core-9.0.68.jar:9.0.68]
	at org.apache.tomcat.websocket.server.WsFilter.doFilter(WsFilter.java:53) ~[tomcat-embed-websocket-9.0.68.jar:9.0.68]
	at org.apache.catalina.core.ApplicationFilterChain.internalDoFilter(ApplicationFilterChain.java:189) ~[tomcat-embed-core-9.0.68.jar:9.0.68]
	at org.apache.catalina.core.ApplicationFilterChain.doFilter(ApplicationFilterChain.java:162) ~[tomcat-embed-core-9.0.68.jar:9.0.68]
	at org.springframework.web.filter.RequestContextFilter.doFilterInternal(RequestContextFilter.java:100) ~[spring-web-5.3.23.jar:5.3.23]
	at org.springframework.web.filter.OncePerRequestFilter.doFilter(OncePerRequestFilter.java:117) ~[spring-web-5.3.23.jar:5.3.23]
	at org.apache.catalina.core.ApplicationFilterChain.internalDoFilter(ApplicationFilterChain.java:189) ~[tomcat-embed-core-9.0.68.jar:9.0.68]
	at org.apache.catalina.core.ApplicationFilterChain.doFilter(ApplicationFilterChain.java:162) ~[tomcat-embed-core-9.0.68.jar:9.0.68]
	at org.springframework.web.filter.FormContentFilter.doFilterInternal(FormContentFilter.java:93) ~[spring-web-5.3.23.jar:5.3.23]
	at org.springframework.web.filter.OncePerRequestFilter.doFilter(OncePerRequestFilter.java:117) ~[spring-web-5.3.23.jar:5.3.23]
	at org.apache.catalina.core.ApplicationFilterChain.internalDoFilter(ApplicationFilterChain.java:189) ~[tomcat-embed-core-9.0.68.jar:9.0.68]
	at org.apache.catalina.core.ApplicationFilterChain.doFilter(ApplicationFilterChain.java:162) ~[tomcat-embed-core-9.0.68.jar:9.0.68]
	at org.springframework.web.filter.CharacterEncodingFilter.doFilterInternal(CharacterEncodingFilter.java:201) ~[spring-web-5.3.23.jar:5.3.23]
	at org.springframework.web.filter.OncePerRequestFilter.doFilter(OncePerRequestFilter.java:117) ~[spring-web-5.3.23.jar:5.3.23]
	at org.apache.catalina.core.ApplicationFilterChain.internalDoFilter(ApplicationFilterChain.java:189) ~[tomcat-embed-core-9.0.68.jar:9.0.68]
	at org.apache.catalina.core.ApplicationFilterChain.doFilter(ApplicationFilterChain.java:162) ~[tomcat-embed-core-9.0.68.jar:9.0.68]
	at org.apache.catalina.core.StandardWrapperValve.invoke(StandardWrapperValve.java:197) ~[tomcat-embed-core-9.0.68.jar:9.0.68]
	at org.apache.catalina.core.StandardContextValve.invoke(StandardContextValve.java:97) [tomcat-embed-core-9.0.68.jar:9.0.68]
	at org.apache.catalina.authenticator.AuthenticatorBase.invoke(AuthenticatorBase.java:541) [tomcat-embed-core-9.0.68.jar:9.0.68]
	at org.apache.catalina.core.StandardHostValve.invoke(StandardHostValve.java:135) [tomcat-embed-core-9.0.68.jar:9.0.68]
	at org.apache.catalina.valves.ErrorReportValve.invoke(ErrorReportValve.java:92) [tomcat-embed-core-9.0.68.jar:9.0.68]
	at org.apache.catalina.core.StandardEngineValve.invoke(StandardEngineValve.java:78) [tomcat-embed-core-9.0.68.jar:9.0.68]
	at org.apache.catalina.connector.CoyoteAdapter.service(CoyoteAdapter.java:360) [tomcat-embed-core-9.0.68.jar:9.0.68]
	at org.apache.coyote.http11.Http11Processor.service(Http11Processor.java:399) [tomcat-embed-core-9.0.68.jar:9.0.68]
	at org.apache.coyote.AbstractProcessorLight.process(AbstractProcessorLight.java:65) [tomcat-embed-core-9.0.68.jar:9.0.68]
	at org.apache.coyote.AbstractProtocol$ConnectionHandler.process(AbstractProtocol.java:893) [tomcat-embed-core-9.0.68.jar:9.0.68]
	at org.apache.tomcat.util.net.NioEndpoint$SocketProcessor.doRun(NioEndpoint.java:1789) [tomcat-embed-core-9.0.68.jar:9.0.68]
	at org.apache.tomcat.util.net.SocketProcessorBase.run(SocketProcessorBase.java:49) [tomcat-embed-core-9.0.68.jar:9.0.68]
	at org.apache.tomcat.util.threads.ThreadPoolExecutor.runWorker(ThreadPoolExecutor.java:1191) [tomcat-embed-core-9.0.68.jar:9.0.68]
	at org.apache.tomcat.util.threads.ThreadPoolExecutor$Worker.run(ThreadPoolExecutor.java:659) [tomcat-embed-core-9.0.68.jar:9.0.68]
	at org.apache.tomcat.util.threads.TaskThread$WrappingRunnable.run(TaskThread.java:61) [tomcat-embed-core-9.0.68.jar:9.0.68]
	at java.lang.Thread.run(Thread.java:748) [na:1.8.0_241]

2022-11-15 12:12:34.009  INFO 19768 --- [SpringApplicationShutdownHook] j.LocalContainerEntityManagerFactoryBean : Closing JPA EntityManagerFactory for persistence unit 'default'
2022-11-15 12:12:34.083  INFO 19768 --- [SpringApplicationShutdownHook] com.zaxxer.hikari.HikariDataSource       : HikariPool-1 - Shutdown initiated...
2022-11-15 12:12:34.114  INFO 19768 --- [SpringApplicationShutdownHook] com.zaxxer.hikari.HikariDataSource       : HikariPool-1 - Shutdown completed.
2022-11-15 12:12:44.604  INFO 12012 --- [restartedMain] com.student.ust.UstApplication           : Starting UstApplication using Java 1.8.0_241 on ustfsd62 with PID 12012 (C:\Users\ustjavafsdb217\Desktop\ust\target\classes started by ustjavafsdb217 in C:\Users\ustjavafsdb217\Desktop\ust)
2022-11-15 12:12:44.605 DEBUG 12012 --- [restartedMain] com.student.ust.UstApplication           : Running with Spring Boot v2.7.5, Spring v5.3.23
2022-11-15 12:12:44.606  INFO 12012 --- [restartedMain] com.student.ust.UstApplication           : No active profile set, falling back to 1 default profile: "default"
2022-11-15 12:12:44.670  INFO 12012 --- [restartedMain] .e.DevToolsPropertyDefaultsPostProcessor : Devtools property defaults active! Set 'spring.devtools.add-properties' to 'false' to disable
2022-11-15 12:12:44.671  INFO 12012 --- [restartedMain] .e.DevToolsPropertyDefaultsPostProcessor : For additional web related logging consider setting the 'logging.level.web' property to 'DEBUG'
2022-11-15 12:12:46.122  INFO 12012 --- [restartedMain] .s.d.r.c.RepositoryConfigurationDelegate : Bootstrapping Spring Data JPA repositories in DEFAULT mode.
2022-11-15 12:12:46.224  INFO 12012 --- [restartedMain] .s.d.r.c.RepositoryConfigurationDelegate : Finished Spring Data repository scanning in 85 ms. Found 2 JPA repository interfaces.
2022-11-15 12:12:47.467  INFO 12012 --- [restartedMain] o.s.b.w.embedded.tomcat.TomcatWebServer  : Tomcat initialized with port(s): 8080 (http)
2022-11-15 12:12:47.484  INFO 12012 --- [restartedMain] o.apache.catalina.core.StandardService   : Starting service [Tomcat]
2022-11-15 12:12:47.485  INFO 12012 --- [restartedMain] org.apache.catalina.core.StandardEngine  : Starting Servlet engine: [Apache Tomcat/9.0.68]
2022-11-15 12:12:47.697  INFO 12012 --- [restartedMain] o.a.c.c.C.[Tomcat].[localhost].[/]       : Initializing Spring embedded WebApplicationContext
2022-11-15 12:12:47.697  INFO 12012 --- [restartedMain] w.s.c.ServletWebServerApplicationContext : Root WebApplicationContext: initialization completed in 3025 ms
2022-11-15 12:12:48.102  INFO 12012 --- [restartedMain] o.hibernate.jpa.internal.util.LogHelper  : HHH000204: Processing PersistenceUnitInfo [name: default]
2022-11-15 12:12:48.234  INFO 12012 --- [restartedMain] org.hibernate.Version                    : HHH000412: Hibernate ORM core version 5.6.12.Final
2022-11-15 12:12:48.597  INFO 12012 --- [restartedMain] o.hibernate.annotations.common.Version   : HCANN000001: Hibernate Commons Annotations {5.1.2.Final}
2022-11-15 12:12:48.808  INFO 12012 --- [restartedMain] com.zaxxer.hikari.HikariDataSource       : HikariPool-1 - Starting...
2022-11-15 12:12:49.476  INFO 12012 --- [restartedMain] com.zaxxer.hikari.HikariDataSource       : HikariPool-1 - Start completed.
2022-11-15 12:12:49.522  INFO 12012 --- [restartedMain] org.hibernate.dialect.Dialect            : HHH000400: Using dialect: org.hibernate.dialect.MySQL5Dialect
2022-11-15 12:12:51.036  INFO 12012 --- [restartedMain] o.h.e.t.j.p.i.JtaPlatformInitiator       : HHH000490: Using JtaPlatform implementation: [org.hibernate.engine.transaction.jta.platform.internal.NoJtaPlatform]
2022-11-15 12:12:51.057  INFO 12012 --- [restartedMain] j.LocalContainerEntityManagerFactoryBean : Initialized JPA EntityManagerFactory for persistence unit 'default'
2022-11-15 12:12:52.438  WARN 12012 --- [restartedMain] JpaBaseConfiguration$JpaWebConfiguration : spring.jpa.open-in-view is enabled by default. Therefore, database queries may be performed during view rendering. Explicitly configure spring.jpa.open-in-view to disable this warning
2022-11-15 12:12:52.681  INFO 12012 --- [restartedMain] pertySourcedRequestMappingHandlerMapping : Mapped URL path [/v2/api-docs] onto method [springfox.documentation.swagger2.web.Swagger2Controller#getDocumentation(String, HttpServletRequest)]
2022-11-15 12:12:52.852  INFO 12012 --- [restartedMain] o.s.b.d.a.OptionalLiveReloadServer       : LiveReload server is running on port 35729
2022-11-15 12:12:54.291  INFO 12012 --- [restartedMain] o.s.b.w.embedded.tomcat.TomcatWebServer  : Tomcat started on port(s): 8080 (http) with context path ''
2022-11-15 12:12:54.292  INFO 12012 --- [restartedMain] d.s.w.p.DocumentationPluginsBootstrapper : Context refreshed
2022-11-15 12:12:54.327  INFO 12012 --- [restartedMain] d.s.w.p.DocumentationPluginsBootstrapper : Found 1 custom documentation plugin(s)
2022-11-15 12:12:54.398  INFO 12012 --- [restartedMain] s.d.s.w.s.ApiListingReferenceScanner     : Scanning for api listing references
2022-11-15 12:12:54.684  INFO 12012 --- [restartedMain] .d.s.w.r.o.CachingOperationNameGenerator : Generating unique operation named: addUsingPOST_1
2022-11-15 12:12:54.695  INFO 12012 --- [restartedMain] .d.s.w.r.o.CachingOperationNameGenerator : Generating unique operation named: deleteUsingDELETE_1
2022-11-15 12:12:54.715  INFO 12012 --- [restartedMain] .d.s.w.r.o.CachingOperationNameGenerator : Generating unique operation named: getUsingGET_1
2022-11-15 12:12:54.725  INFO 12012 --- [restartedMain] .d.s.w.r.o.CachingOperationNameGenerator : Generating unique operation named: get2UsingGET_1
